<?xml version="1.0" encoding="UTF-8"?>
<!-- Generated by org.testng.reporters.JUnitReportReporter -->
<testsuite hostname="NP-SADEKUNLE" name="Suite.CopyOfLunchGameTest" tests="1" failures="0" timestamp="14 Feb 2017 11:15:58 GMT" time="84.520" errors="0">
  <testcase name="gamelunchtest" time="84.520" classname="Suite.CopyOfLunchGameTest"/>
</testsuite> <!-- Suite.CopyOfLunchGameTest -->
