<?xml version="1.0" encoding="UTF-8"?>
<!-- Generated by org.testng.reporters.JUnitReportReporter -->
<testsuite hostname="NP-SADEKUNLE" name="Suite.DepositTest" tests="1" failures="0" timestamp="14 Feb 2017 11:31:56 GMT" time="15.815" errors="0">
  <testcase name="Depositmoneytest" time="15.815" classname="Suite.DepositTest"/>
</testsuite> <!-- Suite.DepositTest -->
