<?xml version="1.0" encoding="UTF-8"?>
<!-- Generated by org.testng.reporters.JUnitReportReporter -->
<testsuite hostname="NP-SADEKUNLE" name="Suite.ForgottenDetailsTest" tests="2" failures="0" timestamp="14 Feb 2017 11:31:56 GMT" time="21.764" errors="0">
  <testcase name="FDLtest" time="10.788" classname="Suite.ForgottenDetailsTest"/>
  <testcase name="newusertest" time="10.976" classname="Suite.ForgottenDetailsTest"/>
</testsuite> <!-- Suite.ForgottenDetailsTest -->
