<?xml version="1.0" encoding="UTF-8"?>
<!-- Generated by org.testng.reporters.JUnitReportReporter -->
<testsuite hostname="NP-SADEKUNLE" name="Suite.PresenterTest" tests="1" failures="0" timestamp="14 Feb 2017 11:31:56 GMT" time="105.955" errors="0">
  <testcase name="presenterstest" time="105.955" classname="Suite.PresenterTest"/>
</testsuite> <!-- Suite.PresenterTest -->
