<?xml version="1.0" encoding="UTF-8"?>
<!-- Generated by org.testng.reporters.JUnitReportReporter -->
<testsuite hostname="NP-SADEKUNLE" name="Suite.ContentPagesTest" tests="1" failures="0" timestamp="14 Feb 2017 11:31:56 GMT" time="24.270" errors="0">
  <testcase name="termsAndcondtest" time="24.270" classname="Suite.ContentPagesTest"/>
</testsuite> <!-- Suite.ContentPagesTest -->
