<?xml version="1.0" encoding="UTF-8"?>
<!-- Generated by org.testng.reporters.JUnitReportReporter -->
<testsuite hostname="solomon" name="Suite.RegistratiomTest" tests="3" failures="0" timestamp="25 Mar 2017 23:35:35 GMT" time="150.277" errors="0">
  <testcase name="registertest" time="56.823" classname="Suite.RegistratiomTest"/>
  <testcase name="registertest" time="61.413" classname="Suite.RegistratiomTest"/>
  <testcase name="registertest" time="32.041" classname="Suite.RegistratiomTest"/>
</testsuite> <!-- Suite.RegistratiomTest -->
