<?xml version="1.0" encoding="UTF-8"?>
<!-- Generated by org.testng.reporters.JUnitReportReporter -->
<testsuite hostname="NP-SADEKUNLE" name="Suite.SearchGameTest" tests="2" failures="0" timestamp="14 Feb 2017 11:31:56 GMT" time="121.884" errors="0">
  <testcase name="searchLivegames" time="51.262" classname="Suite.SearchGameTest"/>
  <testcase name="searchgameVegastest" time="70.622" classname="Suite.SearchGameTest"/>
</testsuite> <!-- Suite.SearchGameTest -->
