<?xml version="1.0" encoding="UTF-8"?>
<!-- Generated by org.testng.reporters.JUnitReportReporter -->
<testsuite hostname="NP-SADEKUNLE" name="Suite.JustTest" tests="1" failures="0" timestamp="14 Feb 2017 10:58:44 GMT" time="19.047" errors="0">
  <testcase name="gamelunchtest" time="19.047" classname="Suite.JustTest"/>
</testsuite> <!-- Suite.JustTest -->
