<?xml version="1.0" encoding="UTF-8"?>
<!-- Generated by org.testng.reporters.JUnitReportReporter -->
<testsuite hostname="NP-SADEKUNLE" name="Suite.LoginErrorTest" tests="3" failures="0" timestamp="14 Feb 2017 11:31:56 GMT" time="108.298" errors="0">
  <testcase name="logintest" time="36.133" classname="Suite.LoginErrorTest"/>
  <testcase name="JoinNowtest" time="5.497" classname="Suite.LoginErrorTest"/>
  <testcase name="errorLogintest" time="66.668" classname="Suite.LoginErrorTest"/>
</testsuite> <!-- Suite.LoginErrorTest -->
