<?xml version="1.0" encoding="UTF-8"?>
<!-- Generated by org.testng.reporters.JUnitReportReporter -->
<testsuite hostname="NP-SADEKUNLE" name="Suite.LiveTab" tests="1" failures="0" timestamp="14 Feb 2017 11:31:56 GMT" time="22.779" errors="0">
  <testcase name="lunchRouletteExpstest" time="22.779" classname="Suite.LiveTab"/>
</testsuite> <!-- Suite.LiveTab -->
