<?xml version="1.0" encoding="UTF-8"?>
<!-- Generated by org.testng.reporters.JUnitReportReporter -->
<testsuite hostname="NP-SADEKUNLE" name="Suite.GameInfoTest" tests="1" failures="0" timestamp="14 Feb 2017 11:31:56 GMT" time="23.900" errors="0">
  <testcase name="lunchRouletteExpstest" time="23.900" classname="Suite.GameInfoTest"/>
</testsuite> <!-- Suite.GameInfoTest -->
