<?xml version="1.0" encoding="UTF-8"?>
<!-- Generated by org.testng.reporters.JUnitReportReporter -->
<testsuite hostname="NP-SADEKUNLE" name="Suite.LoginTest" tests="3" failures="0" timestamp="14 Feb 2017 09:40:36 GMT" time="77.389" errors="0">
  <testcase name="logintest" time="8.813" classname="Suite.LoginTest"/>
  <testcase name="logintest" time="33.865" classname="Suite.LoginTest"/>
  <testcase name="logintest" time="34.711" classname="Suite.LoginTest"/>
</testsuite> <!-- Suite.LoginTest -->
