<?xml version="1.0" encoding="UTF-8"?>
<!-- Generated by org.testng.reporters.JUnitReportReporter -->
<testsuite hostname="NP-SADEKUNLE" name="Suite.LunchGameTest" tests="1" failures="0" timestamp="14 Feb 2017 11:31:56 GMT" time="23.996" errors="0">
  <testcase name="gamelunchtest" time="23.996" classname="Suite.LunchGameTest"/>
</testsuite> <!-- Suite.LunchGameTest -->
