<?xml version="1.0" encoding="UTF-8"?>
<!-- Generated by org.testng.reporters.JUnitReportReporter -->
<testsuite hostname="solomon" name="Suite.LoginTest" tests="3" failures="0" timestamp="26 Mar 2017 01:42:06 GMT" time="106.294" errors="0">
  <testcase name="logintest" time="33.718" classname="Suite.LoginTest"/>
  <testcase name="logintest" time="32.654" classname="Suite.LoginTest"/>
  <testcase name="logintest" time="39.922" classname="Suite.LoginTest"/>
</testsuite> <!-- Suite.LoginTest -->
